#
# A fatal error has been detected by the Java Runtime Environment:
#
#  SIGSEGV (0xb) at pc=0x000000000049989a, pid=9520, tid=139662461826816
#
# JRE version: Java(TM) SE Runtime Environment (8.0_91-b14) (build 1.8.0_91-b14)
# Java VM: Java HotSpot(TM) 64-Bit Server VM (25.91-b14 mixed mode linux-amd64 compressed oops)
# Problematic frame:
# C  [python+0x9989a]  PyEval_EvalFrameEx+0x61a
#
# Failed to write core dump. Core dumps have been disabled. To enable core dumping, try "ulimit -c unlimited" before starting Java again
#
# If you would like to submit a bug report, please visit:
#   http://bugreport.java.com/bugreport/crash.jsp
# The crash happened outside the Java Virtual Machine in native code.
# See problematic frame for where to report the bug.
#

---------------  T H R E A D  ---------------

Current thread (0x00007f05ac0c0800):  JavaThread "Thread-0" daemon [_thread_in_native, id=9525, stack(0x00007f05b2ecf000,0x00007f05b36d0000)]

siginfo: si_signo: 11 (SIGSEGV), si_code: 1 (SEGV_MAPERR), si_addr: 0x0000000000000058

Registers:
RAX=0x0000000000e59680, RBX=0x00007f05bbd7c2d0, RCX=0x00007f05bbd7c2d0, RDX=0x00007f05b2e9f1e0
RSP=0x00007f05b36cdd30, RBP=0x0000000000000000, RSI=0x0000000000000000, RDI=0x0000000000e59680
R8 =0x0000000000000000, R9 =0x0000000000000000, R10=0x0000000000000000, R11=0x0000000000000001
R12=0x00007f05b2e9f050, R13=0x00007f05b2e9f0d4, R14=0x0000000000000008, R15=0x0000000000000000
RIP=0x000000000049989a, EFLAGS=0x0000000000010246, CSGSFS=0x0000000000000033, ERR=0x0000000000000004
  TRAPNO=0x000000000000000e

Top of Stack: (sp=0x00007f05b36cdd30)
0x00007f05b36cdd30:   000000000091a870 00000000004ad1f8
0x00007f05b36cdd40:   0000000000000000 00007f05b93c25a8
0x00007f05b36cdd50:   00007f05bbd7c2d0 00007f05b41c74d4
0x00007f05b36cdd60:   00007f05b2e9f1c8 0000000000e59680
0x00007f05b36cdd70:   00007f05b41fe050 0000000000000000
0x00007f05b36cdd80:   00007f05b41c0be0 00007f05bbd7c2d0
0x00007f05b36cdd90:   ffffffff00000001 ffffffff00000000
0x00007f05b36cdda0:   00007f05b41c7530 00007f05b2e9f1e0
0x00007f05b36cddb0:   00007f05b2e9f1e0 00007f05b37077e0
0x00007f05b36cddc0:   00007f05b36ef780 0000000000499f0b
0x00007f05b36cddd0:   00007f0500000000 0000000000000000
0x00007f05b36cdde0:   00007f0500000000 0000000000000000
0x00007f05b36cddf0:   00007f05b36ef5f0 0000000000000008
0x00007f05b36cde00:   00007f05b36ef768 0000000000e59680
0x00007f05b36cde10:   00007f05b41fe7c0 0000000000000000
0x00007f05b36cde20:   00007f05b41b5248 00007f05b2e9f1d0
0x00007f05b36cde30:   00007f05b2e9f1e8 0000000000e59680
0x00007f05b36cde40:   00007f05b2e9f1e0 00007f05b41c7530
0x00007f05b36cde50:   0000000000e59680 00007f05bbd46050
0x00007f05b36cde60:   0000000000000000 00007f05b2e9f050
0x00007f05b36cde70:   0000000000000000 00000000004a090c
0x00007f05b36cde80:   00007f0500000000 0000000000e59680
0x00007f05b36cde90:   0000000000000000 00007f0500000001
0x00007f05b36cdea0:   00007f05b2e9f1c8 00007f0500000003
0x00007f05b36cdeb0:   0000000000000008 0000000000000008
0x00007f05b36cdec0:   0000000000000067 00007f05b41c96e0
0x00007f05b36cded0:   00007f05b36f8f50 00007f05bb6397b0
0x00007f05b36cdee0:   00007f05b41ca1b8 0000000000000000
0x00007f05b36cdef0:   0000000000000000 00007f05b4213b0b
0x00007f05b36cdf00:   00007f05b41ca1b8 00007f05b2e9e3e8
0x00007f05b36cdf10:   0000000000000005 000000000049ab45
0x00007f05b36cdf20:   00007f0500000000 0000000000000000 

Instructions: (pc=0x000000000049989a)
0x000000000049987a:   0f 44 5c 24 58 48 8b 44 24 38 44 8b 48 20 45 85
0x000000000049988a:   c9 0f 85 3f 54 00 00 48 8b 7c 24 38 48 8b 6f 10
0x000000000049989a:   48 8b 55 58 48 85 d2 0f 85 fb 29 00 00 48 8b 2d
0x00000000004998aa:   52 e3 49 00 48 8b 74 24 38 48 89 d8 83 6d 18 01 

Register to memory mapping:

RAX=0x0000000000e59680 is an unknown value
RBX=0x00007f05bbd7c2d0 is an unknown value
RCX=0x00007f05bbd7c2d0 is an unknown value
RDX=0x00007f05b2e9f1e0 is an unknown value
RSP=0x00007f05b36cdd30 is pointing into the stack for thread: 0x00007f05ac0c0800
RBP=0x0000000000000000 is an unknown value
RSI=0x0000000000000000 is an unknown value
RDI=0x0000000000e59680 is an unknown value
R8 =0x0000000000000000 is an unknown value
R9 =0x0000000000000000 is an unknown value
R10=0x0000000000000000 is an unknown value
R11=0x0000000000000001 is an unknown value
R12=0x00007f05b2e9f050 is an unknown value
R13=0x00007f05b2e9f0d4 is an unknown value
R14=0x0000000000000008 is an unknown value
R15=0x0000000000000000 is an unknown value


Stack: [0x00007f05b2ecf000,0x00007f05b36d0000],  sp=0x00007f05b36cdd30,  free space=8187k
Native frames: (J=compiled Java code, j=interpreted, Vv=VM code, C=native code)
C  [python+0x9989a]  PyEval_EvalFrameEx+0x61a


---------------  P R O C E S S  ---------------

Java Threads: ( => current thread )
=>0x00007f05ac0c0800 JavaThread "Thread-0" daemon [_thread_in_native, id=9525, stack(0x00007f05b2ecf000,0x00007f05b36d0000)]
  0x00007f05a425d000 JavaThread "Service Thread" daemon [_thread_blocked, id=9536, stack(0x00007f05948f9000,0x00007f05949fa000)]
  0x00007f05a425a000 JavaThread "C1 CompilerThread1" daemon [_thread_blocked, id=9535, stack(0x00007f05949fa000,0x00007f0594afb000)]
  0x00007f05a4257000 JavaThread "C2 CompilerThread0" daemon [_thread_blocked, id=9534, stack(0x00007f0594afb000,0x00007f0594bfc000)]
  0x00007f05a4255800 JavaThread "Signal Dispatcher" daemon [_thread_blocked, id=9533, stack(0x00007f0594bfc000,0x00007f0594cfd000)]
  0x00007f05a4222800 JavaThread "Finalizer" daemon [_thread_blocked, id=9532, stack(0x00007f0594cfd000,0x00007f0594dfe000)]
  0x00007f05a421e000 JavaThread "Reference Handler" daemon [_thread_blocked, id=9531, stack(0x00007f0594dfe000,0x00007f0594eff000)]
  0x00007f05a4007800 JavaThread "main" [_thread_in_native, id=9527, stack(0x00007f05aa5d0000,0x00007f05aadd1000)]

Other Threads:
  0x00007f05a4216800 VMThread [stack: 0x00007f0594eff000,0x00007f0595000000] [id=9530]
  0x00007f05a4260000 WatcherThread [stack: 0x00007f05947f8000,0x00007f05948f9000] [id=9537]

VM state:not at safepoint (normal execution)

VM Mutex/Monitor currently owned by a thread: None

Heap:
 PSYoungGen      total 17920K, used 922K [0x00000000ec000000, 0x00000000ed400000, 0x0000000100000000)
  eden space 15360K, 6% used [0x00000000ec000000,0x00000000ec0e6928,0x00000000ecf00000)
  from space 2560K, 0% used [0x00000000ed180000,0x00000000ed180000,0x00000000ed400000)
  to   space 2560K, 0% used [0x00000000ecf00000,0x00000000ecf00000,0x00000000ed180000)
 ParOldGen       total 40960K, used 0K [0x00000000c4000000, 0x00000000c6800000, 0x00000000ec000000)
  object space 40960K, 0% used [0x00000000c4000000,0x00000000c4000000,0x00000000c6800000)
 Metaspace       used 2209K, capacity 4480K, committed 4480K, reserved 1056768K
  class space    used 242K, capacity 384K, committed 384K, reserved 1048576K

Card table byte_map: [0x00007f05a97d1000,0x00007f05a99b2000] byte_map_base: 0x00007f05a91b1000

Marking Bits: (ParMarkBitMap*) 0x00007f05abd87d60
 Begin Bits: [0x00007f058b200000, 0x00007f058c100000)
 End Bits:   [0x00007f058c100000, 0x00007f058d000000)

Polling page: 0x00007f05bbdb7000

CodeCache: size=245760Kb used=1062Kb max_used=1069Kb free=244697Kb
 bounds [0x00007f0595000000, 0x00007f0595270000, 0x00007f05a4000000]
 total_blobs=224 nmethods=5 adapters=135
 compilation: enabled

Compilation events (10 events):
Event: 0,120 Thread 0x00007f05a425a000    2       3       java.lang.String::hashCode (55 bytes)
Event: 0,121 Thread 0x00007f05a425a000 nmethod 2 0x00007f0595107690 code [0x00007f0595107800, 0x00007f0595107a90]
Event: 0,121 Thread 0x00007f05a425a000    1       3       java.lang.String::equals (81 bytes)
Event: 0,121 Thread 0x00007f05a425a000 nmethod 1 0x00007f059510b390 code [0x00007f059510b520, 0x00007f059510ba70]
Event: 0,121 Thread 0x00007f05a425a000    3       3       java.lang.String::charAt (29 bytes)
Event: 0,122 Thread 0x00007f05a425a000 nmethod 3 0x00007f0595106f90 code [0x00007f0595107100, 0x00007f0595107368]
Event: 0,122 Thread 0x00007f05a425a000    4       3       java.lang.String::length (6 bytes)
Event: 0,122 Thread 0x00007f05a425a000 nmethod 4 0x00007f059510b010 code [0x00007f059510b180, 0x00007f059510b2d0]
Event: 0,135 Thread 0x00007f05a425a000    5       3       java.lang.String::indexOf (70 bytes)
Event: 0,135 Thread 0x00007f05a425a000 nmethod 5 0x00007f059510a9d0 code [0x00007f059510ab60, 0x00007f059510aee8]

GC Heap History (0 events):
No events

Deoptimization events (0 events):
No events

Internal exceptions (2 events):
Event: 0,049 Thread 0x00007f05a4007800 Exception <a 'java/lang/NoSuchMethodError': Method sun.misc.Unsafe.defineClass(Ljava/lang/String;[BII)Ljava/lang/Class; name or signature does not match> (0x00000000ec007cc0) thrown at [/HUDSON/workspace/8-2-build-linux-amd64/jdk8u91/6644/hotspot/src/shar
Event: 0,049 Thread 0x00007f05a4007800 Exception <a 'java/lang/NoSuchMethodError': Method sun.misc.Unsafe.prefetchRead(Ljava/lang/Object;J)V name or signature does not match> (0x00000000ec007fa8) thrown at [/HUDSON/workspace/8-2-build-linux-amd64/jdk8u91/6644/hotspot/src/share/vm/prims/jni.cpp

Events (10 events):
Event: 0,119 loading class sun/usagetracker/UsageTrackerClient$1 done
Event: 0,119 loading class sun/usagetracker/UsageTrackerClient$4
Event: 0,119 loading class sun/usagetracker/UsageTrackerClient$4 done
Event: 0,119 loading class sun/usagetracker/UsageTrackerClient$3
Event: 0,119 loading class sun/usagetracker/UsageTrackerClient$3 done
Event: 0,133 loading class java/io/FileOutputStream$1
Event: 0,133 loading class java/io/FileOutputStream$1 done
Event: 0,134 Thread 0x00007f05ac0c0800 Thread added: 0x00007f05ac0c0800
Event: 4,144 Executing VM operation: EnableBiasedLocking
Event: 4,144 Executing VM operation: EnableBiasedLocking done


Dynamic libraries:
00400000-006bc000 r-xp 00000000 08:02 3933151                            /usr/bin/python2.7
008bb000-008bc000 r--p 002bb000 08:02 3933151                            /usr/bin/python2.7
008bc000-00931000 rw-p 002bc000 08:02 3933151                            /usr/bin/python2.7
00931000-00943000 rw-p 00000000 00:00 0 
009b6000-00ed8000 rw-p 00000000 00:00 0                                  [heap]
c4000000-c6800000 rw-p 00000000 00:00 0 
c6800000-ec000000 ---p 00000000 00:00 0 
ec000000-ed400000 rw-p 00000000 00:00 0 
ed400000-100000000 ---p 00000000 00:00 0 
100000000-100060000 rw-p 00000000 00:00 0 
100060000-140000000 ---p 00000000 00:00 0 
7f0564000000-7f0564021000 rw-p 00000000 00:00 0 
7f0564021000-7f0568000000 ---p 00000000 00:00 0 
7f0568000000-7f0568021000 rw-p 00000000 00:00 0 
7f0568021000-7f056c000000 ---p 00000000 00:00 0 
7f056c000000-7f056c05e000 rw-p 00000000 00:00 0 
7f056c05e000-7f0570000000 ---p 00000000 00:00 0 
7f0570000000-7f0570021000 rw-p 00000000 00:00 0 
7f0570021000-7f0574000000 ---p 00000000 00:00 0 
7f0574000000-7f0574021000 rw-p 00000000 00:00 0 
7f0574021000-7f0578000000 ---p 00000000 00:00 0 
7f0578000000-7f0578021000 rw-p 00000000 00:00 0 
7f0578021000-7f057c000000 ---p 00000000 00:00 0 
7f057c000000-7f057c021000 rw-p 00000000 00:00 0 
7f057c021000-7f0580000000 ---p 00000000 00:00 0 
7f0580000000-7f0580021000 rw-p 00000000 00:00 0 
7f0580021000-7f0584000000 ---p 00000000 00:00 0 
7f0584000000-7f0584021000 rw-p 00000000 00:00 0 
7f0584021000-7f0588000000 ---p 00000000 00:00 0 
7f058b200000-7f058d000000 rw-p 00000000 00:00 0 
7f0590000000-7f0590021000 rw-p 00000000 00:00 0 
7f0590021000-7f0594000000 ---p 00000000 00:00 0 
7f05944b8000-7f05947f8000 rw-p 00000000 00:00 0 
7f05947f8000-7f05947f9000 ---p 00000000 00:00 0 
7f05947f9000-7f05948f9000 rw-p 00000000 00:00 0 
7f05948f9000-7f05948fc000 ---p 00000000 00:00 0 
7f05948fc000-7f05949fa000 rw-p 00000000 00:00 0 
7f05949fa000-7f05949fd000 ---p 00000000 00:00 0 
7f05949fd000-7f0594afb000 rw-p 00000000 00:00 0 
7f0594afb000-7f0594afe000 ---p 00000000 00:00 0 
7f0594afe000-7f0594bfc000 rw-p 00000000 00:00 0 
7f0594bfc000-7f0594bff000 ---p 00000000 00:00 0 
7f0594bff000-7f0594cfd000 rw-p 00000000 00:00 0 
7f0594cfd000-7f0594d00000 ---p 00000000 00:00 0 
7f0594d00000-7f0594dfe000 rw-p 00000000 00:00 0 
7f0594dfe000-7f0594e01000 ---p 00000000 00:00 0 
7f0594e01000-7f0594eff000 rw-p 00000000 00:00 0 
7f0594eff000-7f0594f00000 ---p 00000000 00:00 0 
7f0594f00000-7f0595000000 rw-p 00000000 00:00 0 
7f0595000000-7f0595270000 rwxp 00000000 00:00 0 
7f0595270000-7f05a4000000 ---p 00000000 00:00 0 
7f05a4000000-7f05a427f000 rw-p 00000000 00:00 0 
7f05a427f000-7f05a8000000 ---p 00000000 00:00 0 
7f05a800e000-7f05a89d7000 rw-p 00000000 00:00 0 
7f05a89d7000-7f05a8bb0000 r--s 03d1f000 08:02 3977489                    /usr/lib/jvm/java-8-oracle/jre/lib/rt.jar
7f05a8bb0000-7f05a8fb0000 rw-p 00000000 00:00 0 
7f05a8fb0000-7f05a93b0000 ---p 00000000 00:00 0 
7f05a93b0000-7f05a9590000 rw-p 00000000 00:00 0 
7f05a9590000-7f05a9591000 ---p 00000000 00:00 0 
7f05a9591000-7f05a96a5000 rw-p 00000000 00:00 0 
7f05a96a5000-7f05a97d1000 ---p 00000000 00:00 0 
7f05a97d1000-7f05a97e5000 rw-p 00000000 00:00 0 
7f05a97e5000-7f05a9911000 ---p 00000000 00:00 0 
7f05a9911000-7f05a991b000 rw-p 00000000 00:00 0 
7f05a991b000-7f05a99b1000 ---p 00000000 00:00 0 
7f05a99b1000-7f05a99bc000 rw-p 00000000 00:00 0 
7f05a99bc000-7f05a9d72000 ---p 00000000 00:00 0 
7f05a9d72000-7f05a9d8c000 r-xp 00000000 08:02 3977573                    /usr/lib/jvm/java-8-oracle/jre/lib/amd64/libzip.so
7f05a9d8c000-7f05a9f8c000 ---p 0001a000 08:02 3977573                    /usr/lib/jvm/java-8-oracle/jre/lib/amd64/libzip.so
7f05a9f8c000-7f05a9f8d000 rw-p 0001a000 08:02 3977573                    /usr/lib/jvm/java-8-oracle/jre/lib/amd64/libzip.so
7f05a9f8d000-7f05a9fb7000 r-xp 00000000 08:02 3977564                    /usr/lib/jvm/java-8-oracle/jre/lib/amd64/libjava.so
7f05a9fb7000-7f05aa1b7000 ---p 0002a000 08:02 3977564                    /usr/lib/jvm/java-8-oracle/jre/lib/amd64/libjava.so
7f05aa1b7000-7f05aa1b9000 rw-p 0002a000 08:02 3977564                    /usr/lib/jvm/java-8-oracle/jre/lib/amd64/libjava.so
7f05aa1b9000-7f05aa1c6000 r-xp 00000000 08:02 3977528                    /usr/lib/jvm/java-8-oracle/jre/lib/amd64/libverify.so
7f05aa1c6000-7f05aa3c6000 ---p 0000d000 08:02 3977528                    /usr/lib/jvm/java-8-oracle/jre/lib/amd64/libverify.so
7f05aa3c6000-7f05aa3c8000 rw-p 0000d000 08:02 3977528                    /usr/lib/jvm/java-8-oracle/jre/lib/amd64/libverify.so
7f05aa3c8000-7f05aa3cf000 r-xp 00000000 08:02 4598654                    /lib/x86_64-linux-gnu/librt-2.19.so
7f05aa3cf000-7f05aa5ce000 ---p 00007000 08:02 4598654                    /lib/x86_64-linux-gnu/librt-2.19.so
7f05aa5ce000-7f05aa5cf000 r--p 00006000 08:02 4598654                    /lib/x86_64-linux-gnu/librt-2.19.so
7f05aa5cf000-7f05aa5d0000 rw-p 00007000 08:02 4598654                    /lib/x86_64-linux-gnu/librt-2.19.so
7f05aa5d0000-7f05aa5d3000 ---p 00000000 00:00 0 
7f05aa5d3000-7f05aadd1000 rw-p 00000000 00:00 0 
7f05aadd1000-7f05aba91000 r-xp 00000000 08:02 3977578                    /usr/lib/jvm/java-8-oracle/jre/lib/amd64/server/libjvm.so
7f05aba91000-7f05abc91000 ---p 00cc0000 08:02 3977578                    /usr/lib/jvm/java-8-oracle/jre/lib/amd64/server/libjvm.so
7f05abc91000-7f05abd69000 rw-p 00cc0000 08:02 3977578                    /usr/lib/jvm/java-8-oracle/jre/lib/amd64/server/libjvm.so
7f05abd69000-7f05abdb4000 rw-p 00000000 00:00 0 
7f05abdb4000-7f05abdf5000 r-xp 00000000 08:02 4347006                    /usr/local/lib/python2.7/dist-packages/javabridge/_javabridge.so
7f05abdf5000-7f05abff4000 ---p 00041000 08:02 4347006                    /usr/local/lib/python2.7/dist-packages/javabridge/_javabridge.so
7f05abff4000-7f05abff5000 r--p 00040000 08:02 4347006                    /usr/local/lib/python2.7/dist-packages/javabridge/_javabridge.so
7f05abff5000-7f05abfff000 rw-p 00041000 08:02 4347006                    /usr/local/lib/python2.7/dist-packages/javabridge/_javabridge.so
7f05abfff000-7f05ac000000 rw-p 00000000 00:00 0 
7f05ac000000-7f05ac46c000 rw-p 00000000 00:00 0 
7f05ac46c000-7f05b0000000 ---p 00000000 00:00 0 
7f05b0029000-7f05b002a000 ---p 00000000 00:00 0 
7f05b002a000-7f05b012a000 rw-p 00000000 00:00 0 
7f05b012a000-7f05b0175000 r-xp 00000000 08:02 5263277                    /usr/lib/python2.7/dist-packages/numpy/random/mtrand.so
7f05b0175000-7f05b0374000 ---p 0004b000 08:02 5263277                    /usr/lib/python2.7/dist-packages/numpy/random/mtrand.so
7f05b0374000-7f05b0375000 r--p 0004a000 08:02 5263277                    /usr/lib/python2.7/dist-packages/numpy/random/mtrand.so
7f05b0375000-7f05b03ab000 rw-p 0004b000 08:02 5263277                    /usr/lib/python2.7/dist-packages/numpy/random/mtrand.so
7f05b03ab000-7f05b03ac000 rw-p 00000000 00:00 0 
7f05b03ac000-7f05b03b5000 r-xp 00000000 08:02 5119647                    /usr/lib/python2.7/dist-packages/numpy/fft/fftpack_lite.so
7f05b03b5000-7f05b05b4000 ---p 00009000 08:02 5119647                    /usr/lib/python2.7/dist-packages/numpy/fft/fftpack_lite.so
7f05b05b4000-7f05b05b5000 r--p 00008000 08:02 5119647                    /usr/lib/python2.7/dist-packages/numpy/fft/fftpack_lite.so
7f05b05b5000-7f05b05b6000 rw-p 00009000 08:02 5119647                    /usr/lib/python2.7/dist-packages/numpy/fft/fftpack_lite.so
7f05b05b6000-7f05b05b7000 r-xp 00000000 08:02 4067769                    /usr/lib/python2.7/lib-dynload/future_builtins.x86_64-linux-gnu.so
7f05b05b7000-7f05b07b6000 ---p 00001000 08:02 4067769                    /usr/lib/python2.7/lib-dynload/future_builtins.x86_64-linux-gnu.so
7f05b07b6000-7f05b07b7000 r--p 00000000 08:02 4067769                    /usr/lib/python2.7/lib-dynload/future_builtins.x86_64-linux-gnu.so
7f05b07b7000-7f05b07b8000 rw-p 00001000 08:02 4067769                    /usr/lib/python2.7/lib-dynload/future_builtins.x86_64-linux-gnu.so
7f05b07b8000-7f05b07d7000 r-xp 00000000 08:02 6425707                    /usr/lib/python2.7/dist-packages/numpy/linalg/_umath_linalg.so
7f05b07d7000-7f05b09d6000 ---p 0001f000 08:02 6425707                    /usr/lib/python2.7/dist-packages/numpy/linalg/_umath_linalg.so
7f05b09d6000-7f05b09d7000 r--p 0001e000 08:02 6425707                    /usr/lib/python2.7/dist-packages/numpy/linalg/_umath_linalg.so
7f05b09d7000-7f05b09d8000 rw-p 0001f000 08:02 6425707                    /usr/lib/python2.7/dist-packages/numpy/linalg/_umath_linalg.so
7f05b09d8000-7f05b0a13000 r-xp 00000000 08:02 3940382                    /usr/lib/x86_64-linux-gnu/libquadmath.so.0.0.0
7f05b0a13000-7f05b0c12000 ---p 0003b000 08:02 3940382                    /usr/lib/x86_64-linux-gnu/libquadmath.so.0.0.0
7f05b0c12000-7f05b0c13000 r--p 0003a000 08:02 3940382                    /usr/lib/x86_64-linux-gnu/libquadmath.so.0.0.0
7f05b0c13000-7f05b0c14000 rw-p 0003b000 08:02 3940382                    /usr/lib/x86_64-linux-gnu/libquadmath.so.0.0.0
7f05b0c14000-7f05b0c2a000 r-xp 00000000 08:02 4587546                    /lib/x86_64-linux-gnu/libgcc_s.so.1
7f05b0c2a000-7f05b0e29000 ---p 00016000 08:02 4587546                    /lib/x86_64-linux-gnu/libgcc_s.so.1
7f05b0e29000-7f05b0e2a000 rw-p 00015000 08:02 4587546                    /lib/x86_64-linux-gnu/libgcc_s.so.1
7f05b0e2a000-7f05b0f41000 r-xp 00000000 08:02 3940873                    /usr/lib/x86_64-linux-gnu/libgfortran.so.3.0.0
7f05b0f41000-7f05b1141000 ---p 00117000 08:02 3940873                    /usr/lib/x86_64-linux-gnu/libgfortran.so.3.0.0
7f05b1141000-7f05b1142000 r--p 00117000 08:02 3940873                    /usr/lib/x86_64-linux-gnu/libgfortran.so.3.0.0
7f05b1142000-7f05b1144000 rw-p 00118000 08:02 3940873                    /usr/lib/x86_64-linux-gnu/libgfortran.so.3.0.0
7f05b1144000-7f05b16dc000 r-xp 00000000 08:02 5263223                    /usr/lib/lapack/liblapack.so.3.0
7f05b16dc000-7f05b18db000 ---p 00598000 08:02 5263223                    /usr/lib/lapack/liblapack.so.3.0
7f05b18db000-7f05b18dc000 r--p 00597000 08:02 5263223                    /usr/lib/lapack/liblapack.so.3.0
7f05b18dc000-7f05b18e0000 rw-p 00598000 08:02 5263223                    /usr/lib/lapack/liblapack.so.3.0
7f05b18e0000-7f05b18e6000 r-xp 00000000 08:02 6425709                    /usr/lib/python2.7/dist-packages/numpy/linalg/lapack_lite.so
7f05b18e6000-7f05b1ae5000 ---p 00006000 08:02 6425709                    /usr/lib/python2.7/dist-packages/numpy/linalg/lapack_lite.so
7f05b1ae5000-7f05b1ae6000 r--p 00005000 08:02 6425709                    /usr/lib/python2.7/dist-packages/numpy/linalg/lapack_lite.so
7f05b1ae6000-7f05b1ae7000 rw-p 00006000 08:02 6425709                    /usr/lib/python2.7/dist-packages/numpy/linalg/lapack_lite.so
7f05b1ae7000-7f05b1aed000 r-xp 00000000 08:02 4588265                    /usr/lib/python2.7/dist-packages/numpy/lib/_compiled_base.so
7f05b1aed000-7f05b1cec000 ---p 00006000 08:02 4588265                    /usr/lib/python2.7/dist-packages/numpy/lib/_compiled_base.so
7f05b1cec000-7f05b1ced000 r--p 00005000 08:02 4588265                    /usr/lib/python2.7/dist-packages/numpy/lib/_compiled_base.so
7f05b1ced000-7f05b1cee000 rw-p 00006000 08:02 4588265                    /usr/lib/python2.7/dist-packages/numpy/lib/_compiled_base.so
7f05b1cee000-7f05b1d19000 r-xp 00000000 08:02 7081001                    /usr/lib/python2.7/dist-packages/numpy/core/scalarmath.so
7f05b1d19000-7f05b1f18000 ---p 0002b000 08:02 7081001                    /usr/lib/python2.7/dist-packages/numpy/core/scalarmath.so
7f05b1f18000-7f05b1f19000 r--p 0002a000 08:02 7081001                    /usr/lib/python2.7/dist-packages/numpy/core/scalarmath.so
7f05b1f19000-7f05b1f1b000 rw-p 0002b000 08:02 7081001                    /usr/lib/python2.7/dist-packages/numpy/core/scalarmath.so
7f05b1f1b000-7f05b1f97000 r-xp 00000000 08:02 3945299                    /usr/lib/libblas/libblas.so.3.0
7f05b1f97000-7f05b2196000 ---p 0007c000 08:02 3945299                    /usr/lib/libblas/libblas.so.3.0
7f05b2196000-7f05b2197000 r--p 0007b000 08:02 3945299                    /usr/lib/libblas/libblas.so.3.0
7f05b2197000-7f05b2198000 rw-p 0007c000 08:02 3945299                    /usr/lib/libblas/libblas.so.3.0
7f05b2198000-7f05b219d000 r-xp 00000000 08:02 7080992                    /usr/lib/python2.7/dist-packages/numpy/core/_dotblas.so
7f05b219d000-7f05b239c000 ---p 00005000 08:02 7080992                    /usr/lib/python2.7/dist-packages/numpy/core/_dotblas.so
7f05b239c000-7f05b239d000 r--p 00004000 08:02 7080992                    /usr/lib/python2.7/dist-packages/numpy/core/_dotblas.so
7f05b239d000-7f05b239e000 rw-p 00005000 08:02 7080992                    /usr/lib/python2.7/dist-packages/numpy/core/_dotblas.so
7f05b239e000-7f05b23fc000 r-xp 00000000 08:02 7081008                    /usr/lib/python2.7/dist-packages/numpy/core/umath.so
7f05b23fc000-7f05b25fb000 ---p 0005e000 08:02 7081008                    /usr/lib/python2.7/dist-packages/numpy/core/umath.so
7f05b25fb000-7f05b25fc000 r--p 0005d000 08:02 7081008                    /usr/lib/python2.7/dist-packages/numpy/core/umath.so
7f05b25fc000-7f05b2600000 rw-p 0005e000 08:02 7081008                    /usr/lib/python2.7/dist-packages/numpy/core/umath.so
7f05b2600000-7f05b2602000 rw-p 00000000 00:00 0 
7f05b2602000-7f05b273f000 r-xp 00000000 08:02 7080999                    /usr/lib/python2.7/dist-packages/numpy/core/multiarray.so
7f05b273f000-7f05b293e000 ---p 0013d000 08:02 7080999                    /usr/lib/python2.7/dist-packages/numpy/core/multiarray.so
7f05b293e000-7f05b2940000 r--p 0013c000 08:02 7080999                    /usr/lib/python2.7/dist-packages/numpy/core/multiarray.so
7f05b2940000-7f05b294d000 rw-p 0013e000 08:02 7080999                    /usr/lib/python2.7/dist-packages/numpy/core/multiarray.so
7f05b294d000-7f05b2ecf000 rw-p 00000000 00:00 0 
7f05b2ecf000-7f05b2ed2000 ---p 00000000 00:00 0 
7f05b2ed2000-7f05b3710000 rw-p 00000000 00:00 0 
7f05b3710000-7f05b3714000 r-xp 00000000 08:02 4067779                    /usr/lib/python2.7/lib-dynload/termios.x86_64-linux-gnu.so
7f05b3714000-7f05b3913000 ---p 00004000 08:02 4067779                    /usr/lib/python2.7/lib-dynload/termios.x86_64-linux-gnu.so
7f05b3913000-7f05b3914000 r--p 00003000 08:02 4067779                    /usr/lib/python2.7/lib-dynload/termios.x86_64-linux-gnu.so
7f05b3914000-7f05b3916000 rw-p 00004000 08:02 4067779                    /usr/lib/python2.7/lib-dynload/termios.x86_64-linux-gnu.so
7f05b3916000-7f05b3956000 rw-p 00000000 00:00 0 
7f05b3956000-7f05b3961000 r-xp 00000000 08:02 4598650                    /lib/x86_64-linux-gnu/libnss_nis-2.19.so
7f05b3961000-7f05b3b60000 ---p 0000b000 08:02 4598650                    /lib/x86_64-linux-gnu/libnss_nis-2.19.so
7f05b3b60000-7f05b3b61000 r--p 0000a000 08:02 4598650                    /lib/x86_64-linux-gnu/libnss_nis-2.19.so
7f05b3b61000-7f05b3b62000 rw-p 0000b000 08:02 4598650                    /lib/x86_64-linux-gnu/libnss_nis-2.19.so
7f05b3b62000-7f05b3b79000 r-xp 00000000 08:02 4598646                    /lib/x86_64-linux-gnu/libnsl-2.19.so
7f05b3b79000-7f05b3d78000 ---p 00017000 08:02 4598646                    /lib/x86_64-linux-gnu/libnsl-2.19.so
7f05b3d78000-7f05b3d79000 r--p 00016000 08:02 4598646                    /lib/x86_64-linux-gnu/libnsl-2.19.so
7f05b3d79000-7f05b3d7a000 rw-p 00017000 08:02 4598646                    /lib/x86_64-linux-gnu/libnsl-2.19.so
7f05b3d7a000-7f05b3d7c000 rw-p 00000000 00:00 0 
7f05b3d7c000-7f05b3d85000 r-xp 00000000 08:02 4598645                    /lib/x86_64-linux-gnu/libnss_compat-2.19.so
7f05b3d85000-7f05b3f84000 ---p 00009000 08:02 4598645                    /lib/x86_64-linux-gnu/libnss_compat-2.19.so
7f05b3f84000-7f05b3f85000 r--p 00008000 08:02 4598645                    /lib/x86_64-linux-gnu/libnss_compat-2.19.so
7f05b3f85000-7f05b3f86000 rw-p 00009000 08:02 4598645                    /lib/x86_64-linux-gnu/libnss_compat-2.19.so
7f05b3f86000-7f05b3f91000 r-xp 00000000 08:02 4598658                    /lib/x86_64-linux-gnu/libnss_files-2.19.so
7f05b3f91000-7f05b4190000 ---p 0000b000 08:02 4598658                    /lib/x86_64-linux-gnu/libnss_files-2.19.so
7f05b4190000-7f05b4191000 r--p 0000a000 08:02 4598658                    /lib/x86_64-linux-gnu/libnss_files-2.19.so
7f05b4191000-7f05b4192000 rw-p 0000b000 08:02 4598658                    /lib/x86_64-linux-gnu/libnss_files-2.19.so
7f05b4192000-7f05b4292000 rw-p 00000000 00:00 0 
7f05b4292000-7f05b42ad000 r-xp 00000000 08:02 4346413                    /usr/local/lib/python2.7/dist-packages/playhouse/_speedups.so
7f05b42ad000-7f05b44ac000 ---p 0001b000 08:02 4346413                    /usr/local/lib/python2.7/dist-packages/playhouse/_speedups.so
7f05b44ac000-7f05b44ad000 r--p 0001a000 08:02 4346413                    /usr/local/lib/python2.7/dist-packages/playhouse/_speedups.so
7f05b44ad000-7f05b44b0000 rw-p 0001b000 08:02 4346413                    /usr/local/lib/python2.7/dist-packages/playhouse/_speedups.so
7f05b44b0000-7f05b44b1000 rw-p 00000000 00:00 0 
7f05b44b1000-7f05b44bd000 r-xp 00000000 08:02 4067756                    /usr/lib/python2.7/lib-dynload/_json.x86_64-linux-gnu.so
7f05b44bd000-7f05b46bc000 ---p 0000c000 08:02 4067756                    /usr/lib/python2.7/lib-dynload/_json.x86_64-linux-gnu.so
7f05b46bc000-7f05b46bd000 r--p 0000b000 08:02 4067756                    /usr/lib/python2.7/lib-dynload/_json.x86_64-linux-gnu.so
7f05b46bd000-7f05b46be000 rw-p 0000c000 08:02 4067756                    /usr/lib/python2.7/lib-dynload/_json.x86_64-linux-gnu.so
7f05b46be000-7f05b46fe000 rw-p 00000000 00:00 0 
7f05b46fe000-7f05b4707000 r-xp 00000000 08:02 4598643                    /lib/x86_64-linux-gnu/libcrypt-2.19.so
7f05b4707000-7f05b4907000 ---p 00009000 08:02 4598643                    /lib/x86_64-linux-gnu/libcrypt-2.19.so
7f05b4907000-7f05b4908000 r--p 00009000 08:02 4598643                    /lib/x86_64-linux-gnu/libcrypt-2.19.so
7f05b4908000-7f05b4909000 rw-p 0000a000 08:02 4598643                    /lib/x86_64-linux-gnu/libcrypt-2.19.so
7f05b4909000-7f05b4937000 rw-p 00000000 00:00 0 
7f05b4937000-7f05b497c000 r-xp 00000000 08:02 3940839                    /usr/lib/x86_64-linux-gnu/libhx509.so.5.0.0
7f05b497c000-7f05b4b7b000 ---p 00045000 08:02 3940839                    /usr/lib/x86_64-linux-gnu/libhx509.so.5.0.0
7f05b4b7b000-7f05b4b7d000 r--p 00044000 08:02 3940839                    /usr/lib/x86_64-linux-gnu/libhx509.so.5.0.0
7f05b4b7d000-7f05b4b7f000 rw-p 00046000 08:02 3940839                    /usr/lib/x86_64-linux-gnu/libhx509.so.5.0.0
7f05b4b7f000-7f05b4b80000 rw-p 00000000 00:00 0 
7f05b4b80000-7f05b4b8d000 r-xp 00000000 08:02 3940831                    /usr/lib/x86_64-linux-gnu/libheimbase.so.1.0.0
7f05b4b8d000-7f05b4d8c000 ---p 0000d000 08:02 3940831                    /usr/lib/x86_64-linux-gnu/libheimbase.so.1.0.0
7f05b4d8c000-7f05b4d8d000 r--p 0000c000 08:02 3940831                    /usr/lib/x86_64-linux-gnu/libheimbase.so.1.0.0
7f05b4d8d000-7f05b4d8e000 rw-p 0000d000 08:02 3940831                    /usr/lib/x86_64-linux-gnu/libheimbase.so.1.0.0
7f05b4d8e000-7f05b4db5000 r-xp 00000000 08:02 3941309                    /usr/lib/x86_64-linux-gnu/libwind.so.0.0.0
7f05b4db5000-7f05b4fb5000 ---p 00027000 08:02 3941309                    /usr/lib/x86_64-linux-gnu/libwind.so.0.0.0
7f05b4fb5000-7f05b4fb6000 r--p 00027000 08:02 3941309                    /usr/lib/x86_64-linux-gnu/libwind.so.0.0.0
7f05b4fb6000-7f05b4fb7000 rw-p 00028000 08:02 3941309                    /usr/lib/x86_64-linux-gnu/libwind.so.0.0.0
7f05b4fb7000-7f05b4fbb000 r-xp 00000000 08:02 4591772                    /lib/x86_64-linux-gnu/libgpg-error.so.0.10.0
7f05b4fbb000-7f05b51ba000 ---p 00004000 08:02 4591772                    /lib/x86_64-linux-gnu/libgpg-error.so.0.10.0
7f05b51ba000-7f05b51bb000 r--p 00003000 08:02 4591772                    /lib/x86_64-linux-gnu/libgpg-error.so.0.10.0
7f05b51bb000-7f05b51bc000 rw-p 00004000 08:02 4591772                    /lib/x86_64-linux-gnu/libgpg-error.so.0.10.0
7f05b51bc000-7f05b51f7000 r-xp 00000000 08:02 3941012                    /usr/lib/x86_64-linux-gnu/libp11-kit.so.0.0.0
7f05b51f7000-7f05b53f6000 ---p 0003b000 08:02 3941012                    /usr/lib/x86_64-linux-gnu/libp11-kit.so.0.0.0
7f05b53f6000-7f05b53fc000 r--p 0003a000 08:02 3941012                    /usr/lib/x86_64-linux-gnu/libp11-kit.so.0.0.0
7f05b53fc000-7f05b53fe000 rw-p 00040000 08:02 3941012                    /usr/lib/x86_64-linux-gnu/libp11-kit.so.0.0.0
7f05b53fe000-7f05b5410000 r-xp 00000000 08:02 3932469                    /usr/lib/x86_64-linux-gnu/libtasn1.so.6.2.0
7f05b5410000-7f05b5610000 ---p 00012000 08:02 3932469                    /usr/lib/x86_64-linux-gnu/libtasn1.so.6.2.0
7f05b5610000-7f05b5611000 r--p 00012000 08:02 3932469                    /usr/lib/x86_64-linux-gnu/libtasn1.so.6.2.0
7f05b5611000-7f05b5612000 rw-p 00013000 08:02 3932469                    /usr/lib/x86_64-linux-gnu/libtasn1.so.6.2.0
7f05b5612000-7f05b5626000 r-xp 00000000 08:02 3941111                    /usr/lib/x86_64-linux-gnu/libroken.so.18.1.0
7f05b5626000-7f05b5825000 ---p 00014000 08:02 3941111                    /usr/lib/x86_64-linux-gnu/libroken.so.18.1.0
7f05b5825000-7f05b5826000 r--p 00013000 08:02 3941111                    /usr/lib/x86_64-linux-gnu/libroken.so.18.1.0
7f05b5826000-7f05b5827000 rw-p 00014000 08:02 3941111                    /usr/lib/x86_64-linux-gnu/libroken.so.18.1.0
7f05b5827000-7f05b5857000 r-xp 00000000 08:02 3940829                    /usr/lib/x86_64-linux-gnu/libhcrypto.so.4.1.0
7f05b5857000-7f05b5a57000 ---p 00030000 08:02 3940829                    /usr/lib/x86_64-linux-gnu/libhcrypto.so.4.1.0
7f05b5a57000-7f05b5a58000 r--p 00030000 08:02 3940829                    /usr/lib/x86_64-linux-gnu/libhcrypto.so.4.1.0
7f05b5a58000-7f05b5a59000 rw-p 00031000 08:02 3940829                    /usr/lib/x86_64-linux-gnu/libhcrypto.so.4.1.0
7f05b5a59000-7f05b5a5a000 rw-p 00000000 00:00 0 
7f05b5a5a000-7f05b5af7000 r-xp 00000000 08:02 3940365                    /usr/lib/x86_64-linux-gnu/libasn1.so.8.0.0
7f05b5af7000-7f05b5cf7000 ---p 0009d000 08:02 3940365                    /usr/lib/x86_64-linux-gnu/libasn1.so.8.0.0
7f05b5cf7000-7f05b5cf8000 r--p 0009d000 08:02 3940365                    /usr/lib/x86_64-linux-gnu/libasn1.so.8.0.0
7f05b5cf8000-7f05b5cfb000 rw-p 0009e000 08:02 3940365                    /usr/lib/x86_64-linux-gnu/libasn1.so.8.0.0
7f05b5cfb000-7f05b5d7d000 r-xp 00000000 08:02 3940891                    /usr/lib/x86_64-linux-gnu/libkrb5.so.26.0.0
7f05b5d7d000-7f05b5f7c000 ---p 00082000 08:02 3940891                    /usr/lib/x86_64-linux-gnu/libkrb5.so.26.0.0
7f05b5f7c000-7f05b5f7f000 r--p 00081000 08:02 3940891                    /usr/lib/x86_64-linux-gnu/libkrb5.so.26.0.0
7f05b5f7f000-7f05b5f82000 rw-p 00084000 08:02 3940891                    /usr/lib/x86_64-linux-gnu/libkrb5.so.26.0.0
7f05b5f82000-7f05b5f83000 rw-p 00000000 00:00 0 
7f05b5f83000-7f05b5f8b000 r-xp 00000000 08:02 3940833                    /usr/lib/x86_64-linux-gnu/libheimntlm.so.0.1.0
7f05b5f8b000-7f05b618a000 ---p 00008000 08:02 3940833                    /usr/lib/x86_64-linux-gnu/libheimntlm.so.0.1.0
7f05b618a000-7f05b618b000 r--p 00007000 08:02 3940833                    /usr/lib/x86_64-linux-gnu/libheimntlm.so.0.1.0
7f05b618b000-7f05b618c000 rw-p 00008000 08:02 3940833                    /usr/lib/x86_64-linux-gnu/libheimntlm.so.0.1.0
7f05b618c000-7f05b6208000 r-xp 00000000 08:02 4588436                    /lib/x86_64-linux-gnu/libgcrypt.so.11.8.2
7f05b6208000-7f05b6408000 ---p 0007c000 08:02 4588436                    /lib/x86_64-linux-gnu/libgcrypt.so.11.8.2
7f05b6408000-7f05b6409000 r--p 0007c000 08:02 4588436                    /lib/x86_64-linux-gnu/libgcrypt.so.11.8.2
7f05b6409000-7f05b640c000 rw-p 0007d000 08:02 4588436                    /lib/x86_64-linux-gnu/libgcrypt.so.11.8.2
7f05b640c000-7f05b64c3000 r-xp 00000000 08:02 3934650                    /usr/lib/x86_64-linux-gnu/libgnutls.so.26.22.6
7f05b64c3000-7f05b66c2000 ---p 000b7000 08:02 3934650                    /usr/lib/x86_64-linux-gnu/libgnutls.so.26.22.6
7f05b66c2000-7f05b66c8000 r--p 000b6000 08:02 3934650                    /usr/lib/x86_64-linux-gnu/libgnutls.so.26.22.6
7f05b66c8000-7f05b66c9000 rw-p 000bc000 08:02 3934650                    /usr/lib/x86_64-linux-gnu/libgnutls.so.26.22.6
7f05b66c9000-7f05b66ca000 rw-p 00000000 00:00 0 
7f05b66ca000-7f05b6704000 r-xp 00000000 08:02 3940721                    /usr/lib/x86_64-linux-gnu/libgssapi.so.3.0.0
7f05b6704000-7f05b6904000 ---p 0003a000 08:02 3940721                    /usr/lib/x86_64-linux-gnu/libgssapi.so.3.0.0
7f05b6904000-7f05b6905000 r--p 0003a000 08:02 3940721                    /usr/lib/x86_64-linux-gnu/libgssapi.so.3.0.0
7f05b6905000-7f05b6907000 rw-p 0003b000 08:02 3940721                    /usr/lib/x86_64-linux-gnu/libgssapi.so.3.0.0
7f05b6907000-7f05b6908000 rw-p 00000000 00:00 0 
7f05b6908000-7f05b6921000 r-xp 00000000 08:02 3941138                    /usr/lib/x86_64-linux-gnu/libsasl2.so.2.0.25
7f05b6921000-7f05b6b21000 ---p 00019000 08:02 3941138                    /usr/lib/x86_64-linux-gnu/libsasl2.so.2.0.25
7f05b6b21000-7f05b6b22000 r--p 00019000 08:02 3941138                    /usr/lib/x86_64-linux-gnu/libsasl2.so.2.0.25
7f05b6b22000-7f05b6b23000 rw-p 0001a000 08:02 3941138                    /usr/lib/x86_64-linux-gnu/libsasl2.so.2.0.25
7f05b6b23000-7f05b6b30000 r-xp 00000000 08:02 3939697                    /usr/lib/x86_64-linux-gnu/liblber-2.4.so.2.8.3
7f05b6b30000-7f05b6d30000 ---p 0000d000 08:02 3939697                    /usr/lib/x86_64-linux-gnu/liblber-2.4.so.2.8.3
7f05b6d30000-7f05b6d31000 r--p 0000d000 08:02 3939697                    /usr/lib/x86_64-linux-gnu/liblber-2.4.so.2.8.3
7f05b6d31000-7f05b6d32000 rw-p 0000e000 08:02 3939697                    /usr/lib/x86_64-linux-gnu/liblber-2.4.so.2.8.3
7f05b6d32000-7f05b6d49000 r-xp 00000000 08:02 4598638                    /lib/x86_64-linux-gnu/libresolv-2.19.so
7f05b6d49000-7f05b6f49000 ---p 00017000 08:02 4598638                    /lib/x86_64-linux-gnu/libresolv-2.19.so
7f05b6f49000-7f05b6f4a000 r--p 00017000 08:02 4598638                    /lib/x86_64-linux-gnu/libresolv-2.19.so
7f05b6f4a000-7f05b6f4b000 rw-p 00018000 08:02 4598638                    /lib/x86_64-linux-gnu/libresolv-2.19.so
7f05b6f4b000-7f05b6f4d000 rw-p 00000000 00:00 0 
7f05b6f4d000-7f05b6f4f000 r-xp 00000000 08:02 4591782                    /lib/x86_64-linux-gnu/libkeyutils.so.1.4
7f05b6f4f000-7f05b714f000 ---p 00002000 08:02 4591782                    /lib/x86_64-linux-gnu/libkeyutils.so.1.4
7f05b714f000-7f05b7150000 r--p 00002000 08:02 4591782                    /lib/x86_64-linux-gnu/libkeyutils.so.1.4
7f05b7150000-7f05b7151000 rw-p 00003000 08:02 4591782                    /lib/x86_64-linux-gnu/libkeyutils.so.1.4
7f05b7151000-7f05b715b000 r-xp 00000000 08:02 3939682                    /usr/lib/x86_64-linux-gnu/libkrb5support.so.0.1
7f05b715b000-7f05b735a000 ---p 0000a000 08:02 3939682                    /usr/lib/x86_64-linux-gnu/libkrb5support.so.0.1
7f05b735a000-7f05b735b000 r--p 00009000 08:02 3939682                    /usr/lib/x86_64-linux-gnu/libkrb5support.so.0.1
7f05b735b000-7f05b735c000 rw-p 0000a000 08:02 3939682                    /usr/lib/x86_64-linux-gnu/libkrb5support.so.0.1
7f05b735c000-7f05b7388000 r-xp 00000000 08:02 3932377                    /usr/lib/x86_64-linux-gnu/libk5crypto.so.3.1
7f05b7388000-7f05b7587000 ---p 0002c000 08:02 3932377                    /usr/lib/x86_64-linux-gnu/libk5crypto.so.3.1
7f05b7587000-7f05b7589000 r--p 0002b000 08:02 3932377                    /usr/lib/x86_64-linux-gnu/libk5crypto.so.3.1
7f05b7589000-7f05b758a000 rw-p 0002d000 08:02 3932377                    /usr/lib/x86_64-linux-gnu/libk5crypto.so.3.1
7f05b758a000-7f05b758b000 rw-p 00000000 00:00 0 
7f05b758b000-7f05b75d8000 r-xp 00000000 08:02 3939688                    /usr/lib/x86_64-linux-gnu/libldap_r-2.4.so.2.8.3
7f05b75d8000-7f05b77d7000 ---p 0004d000 08:02 3939688                    /usr/lib/x86_64-linux-gnu/libldap_r-2.4.so.2.8.3
7f05b77d7000-7f05b77d9000 r--p 0004c000 08:02 3939688                    /usr/lib/x86_64-linux-gnu/libldap_r-2.4.so.2.8.3
7f05b77d9000-7f05b77da000 rw-p 0004e000 08:02 3939688                    /usr/lib/x86_64-linux-gnu/libldap_r-2.4.so.2.8.3
7f05b77da000-7f05b77dc000 rw-p 00000000 00:00 0 
7f05b77dc000-7f05b7820000 r-xp 00000000 08:02 3939675                    /usr/lib/x86_64-linux-gnu/libgssapi_krb5.so.2.2
7f05b7820000-7f05b7a20000 ---p 00044000 08:02 3939675                    /usr/lib/x86_64-linux-gnu/libgssapi_krb5.so.2.2
7f05b7a20000-7f05b7a21000 r--p 00044000 08:02 3939675                    /usr/lib/x86_64-linux-gnu/libgssapi_krb5.so.2.2
7f05b7a21000-7f05b7a23000 rw-p 00045000 08:02 3939675                    /usr/lib/x86_64-linux-gnu/libgssapi_krb5.so.2.2
7f05b7a23000-7f05b7a26000 r-xp 00000000 08:02 4587613                    /lib/x86_64-linux-gnu/libcom_err.so.2.1
7f05b7a26000-7f05b7c25000 ---p 00003000 08:02 4587613                    /lib/x86_64-linux-gnu/libcom_err.so.2.1
7f05b7c25000-7f05b7c26000 r--p 00002000 08:02 4587613                    /lib/x86_64-linux-gnu/libcom_err.so.2.1
7f05b7c26000-7f05b7c27000 rw-p 00003000 08:02 4587613                    /lib/x86_64-linux-gnu/libcom_err.so.2.1
7f05b7c27000-7f05b7ce3000 r-xp 00000000 08:02 3939678                    /usr/lib/x86_64-linux-gnu/libkrb5.so.3.3
7f05b7ce3000-7f05b7ee3000 ---p 000bc000 08:02 3939678                    /usr/lib/x86_64-linux-gnu/libkrb5.so.3.3
7f05b7ee3000-7f05b7ef0000 r--p 000bc000 08:02 3939678                    /usr/lib/x86_64-linux-gnu/libkrb5.so.3.3
7f05b7ef0000-7f05b7ef2000 rw-p 000c9000 08:02 3939678                    /usr/lib/x86_64-linux-gnu/libkrb5.so.3.3
7f05b7ef2000-7f05b7f1d000 r-xp 00000000 08:02 3932215                    /usr/lib/libpq.so.5.6
7f05b7f1d000-7f05b811d000 ---p 0002b000 08:02 3932215                    /usr/lib/libpq.so.5.6
7f05b811d000-7f05b811f000 r--p 0002b000 08:02 3932215                    /usr/lib/libpq.so.5.6
7f05b811f000-7f05b8121000 rw-p 0002d000 08:02 3932215                    /usr/lib/libpq.so.5.6
7f05b8121000-7f05b814a000 r-xp 00000000 08:02 4346936                    /usr/local/lib/python2.7/dist-packages/psycopg2/_psycopg.so
7f05b814a000-7f05b8349000 ---p 00029000 08:02 4346936                    /usr/local/lib/python2.7/dist-packages/psycopg2/_psycopg.so
7f05b8349000-7f05b834a000 r--p 00028000 08:02 4346936                    /usr/local/lib/python2.7/dist-packages/psycopg2/_psycopg.so
7f05b834a000-7f05b8350000 rw-p 00029000 08:02 4346936                    /usr/local/lib/python2.7/dist-packages/psycopg2/_psycopg.so
7f05b8350000-7f05b8404000 r-xp 00000000 08:02 3941179                    /usr/lib/x86_64-linux-gnu/libsqlite3.so.0.8.6
7f05b8404000-7f05b8604000 ---p 000b4000 08:02 3941179                    /usr/lib/x86_64-linux-gnu/libsqlite3.so.0.8.6
7f05b8604000-7f05b8606000 r--p 000b4000 08:02 3941179                    /usr/lib/x86_64-linux-gnu/libsqlite3.so.0.8.6
7f05b8606000-7f05b8608000 rw-p 000b6000 08:02 3941179                    /usr/lib/x86_64-linux-gnu/libsqlite3.so.0.8.6
7f05b8608000-7f05b8609000 rw-p 00000000 00:00 0 
7f05b8609000-7f05b861b000 r-xp 00000000 08:02 4067760                    /usr/lib/python2.7/lib-dynload/_sqlite3.x86_64-linux-gnu.so
7f05b861b000-7f05b881a000 ---p 00012000 08:02 4067760                    /usr/lib/python2.7/lib-dynload/_sqlite3.x86_64-linux-gnu.so
7f05b881a000-7f05b881b000 r--p 00011000 08:02 4067760                    /usr/lib/python2.7/lib-dynload/_sqlite3.x86_64-linux-gnu.so
7f05b881b000-7f05b881d000 rw-p 00012000 08:02 4067760                    /usr/lib/python2.7/lib-dynload/_sqlite3.x86_64-linux-gnu.so
7f05b881d000-7f05b891d000 rw-p 00000000 00:00 0 
7f05b891d000-7f05b8921000 r-xp 00000000 08:02 4587609                    /lib/x86_64-linux-gnu/libuuid.so.1.3.0
7f05b8921000-7f05b8b20000 ---p 00004000 08:02 4587609                    /lib/x86_64-linux-gnu/libuuid.so.1.3.0
7f05b8b20000-7f05b8b21000 r--p 00003000 08:02 4587609                    /lib/x86_64-linux-gnu/libuuid.so.1.3.0
7f05b8b21000-7f05b8b22000 rw-p 00004000 08:02 4587609                    /lib/x86_64-linux-gnu/libuuid.so.1.3.0
7f05b8b22000-7f05b8b29000 r-xp 00000000 08:02 3932579                    /usr/lib/x86_64-linux-gnu/libffi.so.6.0.1
7f05b8b29000-7f05b8d28000 ---p 00007000 08:02 3932579                    /usr/lib/x86_64-linux-gnu/libffi.so.6.0.1
7f05b8d28000-7f05b8d29000 r--p 00006000 08:02 3932579                    /usr/lib/x86_64-linux-gnu/libffi.so.6.0.1
7f05b8d29000-7f05b8d2a000 rw-p 00007000 08:02 3932579                    /usr/lib/x86_64-linux-gnu/libffi.so.6.0.1
7f05b8d2a000-7f05b8d47000 r-xp 00000000 08:02 4067749                    /usr/lib/python2.7/lib-dynload/_ctypes.x86_64-linux-gnu.so
7f05b8d47000-7f05b8f46000 ---p 0001d000 08:02 4067749                    /usr/lib/python2.7/lib-dynload/_ctypes.x86_64-linux-gnu.so
7f05b8f46000-7f05b8f47000 r--p 0001c000 08:02 4067749                    /usr/lib/python2.7/lib-dynload/_ctypes.x86_64-linux-gnu.so
7f05b8f47000-7f05b8f4b000 rw-p 0001d000 08:02 4067749                    /usr/lib/python2.7/lib-dynload/_ctypes.x86_64-linux-gnu.so
7f05b8f4b000-7f05b904b000 rw-p 00000000 00:00 0 
7f05b904b000-7f05b904d000 r-xp 00000000 08:02 4346636                    /usr/local/lib/python2.7/dist-packages/markupsafe/_speedups.so
7f05b904d000-7f05b924c000 ---p 00002000 08:02 4346636                    /usr/local/lib/python2.7/dist-packages/markupsafe/_speedups.so
7f05b924c000-7f05b924d000 r--p 00001000 08:02 4346636                    /usr/local/lib/python2.7/dist-packages/markupsafe/_speedups.so
7f05b924d000-7f05b924e000 rw-p 00002000 08:02 4346636                    /usr/local/lib/python2.7/dist-packages/markupsafe/_speedups.so
7f05b924e000-7f05b93ce000 rw-p 00000000 00:00 0 
7f05b93ce000-7f05b9423000 r-xp 00000000 08:02 4587622                    /lib/x86_64-linux-gnu/libssl.so.1.0.0
7f05b9423000-7f05b9623000 ---p 00055000 08:02 4587622                    /lib/x86_64-linux-gnu/libssl.so.1.0.0
7f05b9623000-7f05b9626000 r--p 00055000 08:02 4587622                    /lib/x86_64-linux-gnu/libssl.so.1.0.0
7f05b9626000-7f05b962d000 rw-p 00058000 08:02 4587622                    /lib/x86_64-linux-gnu/libssl.so.1.0.0
7f05b962d000-7f05b9635000 r-xp 00000000 08:02 4067761                    /usr/lib/python2.7/lib-dynload/_ssl.x86_64-linux-gnu.so
7f05b9635000-7f05b9834000 ---p 00008000 08:02 4067761                    /usr/lib/python2.7/lib-dynload/_ssl.x86_64-linux-gnu.so
7f05b9834000-7f05b9835000 r--p 00007000 08:02 4067761                    /usr/lib/python2.7/lib-dynload/_ssl.x86_64-linux-gnu.so
7f05b9835000-7f05b9836000 rw-p 00008000 08:02 4067761                    /usr/lib/python2.7/lib-dynload/_ssl.x86_64-linux-gnu.so
7f05b9836000-7f05b99e9000 r-xp 00000000 08:02 4587621                    /lib/x86_64-linux-gnu/libcrypto.so.1.0.0
7f05b99e9000-7f05b9be8000 ---p 001b3000 08:02 4587621                    /lib/x86_64-linux-gnu/libcrypto.so.1.0.0
7f05b9be8000-7f05b9c03000 r--p 001b2000 08:02 4587621                    /lib/x86_64-linux-gnu/libcrypto.so.1.0.0
7f05b9c03000-7f05b9c0e000 rw-p 001cd000 08:02 4587621                    /lib/x86_64-linux-gnu/libcrypto.so.1.0.0
7f05b9c0e000-7f05b9c12000 rw-p 00000000 00:00 0 
7f05b9c12000-7f05b9c16000 r-xp 00000000 08:02 4067754                    /usr/lib/python2.7/lib-dynload/_hashlib.x86_64-linux-gnu.so
7f05b9c16000-7f05b9e15000 ---p 00004000 08:02 4067754                    /usr/lib/python2.7/lib-dynload/_hashlib.x86_64-linux-gnu.so
7f05b9e15000-7f05b9e16000 r--p 00003000 08:02 4067754                    /usr/lib/python2.7/lib-dynload/_hashlib.x86_64-linux-gnu.so
7f05b9e16000-7f05b9e17000 rw-p 00004000 08:02 4067754                    /usr/lib/python2.7/lib-dynload/_hashlib.x86_64-linux-gnu.so
7f05b9e17000-7f05b9e57000 rw-p 00000000 00:00 0 
7f05b9e57000-7f05b9e6e000 r-xp 00000000 08:02 4067766                    /usr/lib/python2.7/lib-dynload/datetime.x86_64-linux-gnu.so
7f05b9e6e000-7f05ba06d000 ---p 00017000 08:02 4067766                    /usr/lib/python2.7/lib-dynload/datetime.x86_64-linux-gnu.so
7f05ba06d000-7f05ba06e000 r--p 00016000 08:02 4067766                    /usr/lib/python2.7/lib-dynload/datetime.x86_64-linux-gnu.so
7f05ba06e000-7f05ba072000 rw-p 00017000 08:02 4067766                    /usr/lib/python2.7/lib-dynload/datetime.x86_64-linux-gnu.so
7f05ba072000-7f05ba1b3000 rw-p 00000000 00:00 0 
7f05ba1b3000-7f05ba1bd000 r-xp 00000000 08:02 4200084                    /usr/lib/python2.7/dist-packages/simplejson/_speedups.x86_64-linux-gnu.so
7f05ba1bd000-7f05ba3bc000 ---p 0000a000 08:02 4200084                    /usr/lib/python2.7/dist-packages/simplejson/_speedups.x86_64-linux-gnu.so
7f05ba3bc000-7f05ba3bd000 r--p 00009000 08:02 4200084                    /usr/lib/python2.7/dist-packages/simplejson/_speedups.x86_64-linux-gnu.so
7f05ba3bd000-7f05ba3be000 rw-p 0000a000 08:02 4200084                    /usr/lib/python2.7/dist-packages/simplejson/_speedups.x86_64-linux-gnu.so
7f05ba3be000-7f05ba47e000 rw-p 00000000 00:00 0 
7f05ba47e000-7f05bac91000 r--p 00000000 08:02 3939268                    /usr/lib/locale/locale-archive
7f05bac91000-7f05bad96000 r-xp 00000000 08:02 4598640                    /lib/x86_64-linux-gnu/libm-2.19.so
7f05bad96000-7f05baf95000 ---p 00105000 08:02 4598640                    /lib/x86_64-linux-gnu/libm-2.19.so
7f05baf95000-7f05baf96000 r--p 00104000 08:02 4598640                    /lib/x86_64-linux-gnu/libm-2.19.so
7f05baf96000-7f05baf97000 rw-p 00105000 08:02 4598640                    /lib/x86_64-linux-gnu/libm-2.19.so
7f05baf97000-7f05bafaf000 r-xp 00000000 08:02 4591902                    /lib/x86_64-linux-gnu/libz.so.1.2.8
7f05bafaf000-7f05bb1ae000 ---p 00018000 08:02 4591902                    /lib/x86_64-linux-gnu/libz.so.1.2.8
7f05bb1ae000-7f05bb1af000 r--p 00017000 08:02 4591902                    /lib/x86_64-linux-gnu/libz.so.1.2.8
7f05bb1af000-7f05bb1b0000 rw-p 00018000 08:02 4591902                    /lib/x86_64-linux-gnu/libz.so.1.2.8
7f05bb1b0000-7f05bb1b2000 r-xp 00000000 08:02 4598657                    /lib/x86_64-linux-gnu/libutil-2.19.so
7f05bb1b2000-7f05bb3b1000 ---p 00002000 08:02 4598657                    /lib/x86_64-linux-gnu/libutil-2.19.so
7f05bb3b1000-7f05bb3b2000 r--p 00001000 08:02 4598657                    /lib/x86_64-linux-gnu/libutil-2.19.so
7f05bb3b2000-7f05bb3b3000 rw-p 00002000 08:02 4598657                    /lib/x86_64-linux-gnu/libutil-2.19.so
7f05bb3b3000-7f05bb3b6000 r-xp 00000000 08:02 4598642                    /lib/x86_64-linux-gnu/libdl-2.19.so
7f05bb3b6000-7f05bb5b5000 ---p 00003000 08:02 4598642                    /lib/x86_64-linux-gnu/libdl-2.19.so
7f05bb5b5000-7f05bb5b6000 r--p 00002000 08:02 4598642                    /lib/x86_64-linux-gnu/libdl-2.19.so
7f05bb5b6000-7f05bb5b7000 rw-p 00003000 08:02 4598642                    /lib/x86_64-linux-gnu/libdl-2.19.so
7f05bb5b7000-7f05bb772000 r-xp 00000000 08:02 4598655                    /lib/x86_64-linux-gnu/libc-2.19.so
7f05bb772000-7f05bb971000 ---p 001bb000 08:02 4598655                    /lib/x86_64-linux-gnu/libc-2.19.so
7f05bb971000-7f05bb975000 r--p 001ba000 08:02 4598655                    /lib/x86_64-linux-gnu/libc-2.19.so
7f05bb975000-7f05bb977000 rw-p 001be000 08:02 4598655                    /lib/x86_64-linux-gnu/libc-2.19.so
7f05bb977000-7f05bb97c000 rw-p 00000000 00:00 0 
7f05bb97c000-7f05bb995000 r-xp 00000000 08:02 4598647                    /lib/x86_64-linux-gnu/libpthread-2.19.so
7f05bb995000-7f05bbb94000 ---p 00019000 08:02 4598647                    /lib/x86_64-linux-gnu/libpthread-2.19.so
7f05bbb94000-7f05bbb95000 r--p 00018000 08:02 4598647                    /lib/x86_64-linux-gnu/libpthread-2.19.so
7f05bbb95000-7f05bbb96000 rw-p 00019000 08:02 4598647                    /lib/x86_64-linux-gnu/libpthread-2.19.so
7f05bbb96000-7f05bbb9a000 rw-p 00000000 00:00 0 
7f05bbb9a000-7f05bbbbd000 r-xp 00000000 08:02 4598648                    /lib/x86_64-linux-gnu/ld-2.19.so
7f05bbbd5000-7f05bbc95000 rw-p 00000000 00:00 0 
7f05bbcc6000-7f05bbd8b000 rw-p 00000000 00:00 0 
7f05bbd9b000-7f05bbdae000 rw-p 00000000 00:00 0 
7f05bbdae000-7f05bbdb6000 rw-s 00000000 08:02 7605339                    /tmp/hsperfdata_artsobes/9520
7f05bbdb6000-7f05bbdb7000 rw-p 00000000 00:00 0 
7f05bbdb7000-7f05bbdb8000 r--p 00000000 00:00 0 
7f05bbdb9000-7f05bbdba000 rwxp 00000000 00:00 0 
7f05bbdba000-7f05bbdbc000 rw-p 00000000 00:00 0 
7f05bbdbc000-7f05bbdbd000 r--p 00022000 08:02 4598648                    /lib/x86_64-linux-gnu/ld-2.19.so
7f05bbdbd000-7f05bbdbe000 rw-p 00023000 08:02 4598648                    /lib/x86_64-linux-gnu/ld-2.19.so
7f05bbdbe000-7f05bbdbf000 rw-p 00000000 00:00 0 
7ffc3d343000-7ffc3d365000 rw-p 00000000 00:00 0                          [stack]
7ffc3d3a7000-7ffc3d3a9000 r--p 00000000 00:00 0                          [vvar]
7ffc3d3a9000-7ffc3d3ab000 r-xp 00000000 00:00 0                          [vdso]
ffffffffff600000-ffffffffff601000 r-xp 00000000 00:00 0                  [vsyscall]

VM Arguments:
java_command: <unknown>
java_class_path (initial): /usr/local/lib/python2.7/dist-packages/javabridge/jars/rhino-1.7R4.jar:/usr/local/lib/python2.7/dist-packages/javabridge/jars/runnablequeue.jar:/usr/local/lib/python2.7/dist-packages/javabridge/jars/cpython.jar
Launcher Type: generic

Environment Variables:
JAVA_HOME=/usr/lib/jvm/java-8-oracle/
PATH=/opt/ros/indigo/bin:/usr/local/sbin:/usr/local/bin:/usr/sbin:/usr/bin:/sbin:/bin:/usr/games:/usr/local/games:/usr/lib/jvm/java-8-oracle/bin:/usr/lib/jvm/java-8-oracle/db/bin:/usr/lib/jvm/java-8-oracle/jre/bin
LD_LIBRARY_PATH=/opt/ros/indigo/lib
SHELL=/bin/bash
DISPLAY=:0

Signal Handlers:
SIGSEGV: [libjvm.so+0xabca10], sa_mask[0]=11111111011111111101111111111110, sa_flags=SA_RESTART|SA_SIGINFO
SIGBUS: [libjvm.so+0xabca10], sa_mask[0]=11111111011111111101111111111110, sa_flags=SA_RESTART|SA_SIGINFO
SIGFPE: [libjvm.so+0x919a20], sa_mask[0]=11111111011111111101111111111110, sa_flags=SA_RESTART|SA_SIGINFO
SIGPIPE: [libjvm.so+0x919a20], sa_mask[0]=11111111011111111101111111111110, sa_flags=SA_RESTART|SA_SIGINFO
SIGXFSZ: [libjvm.so+0x919a20], sa_mask[0]=11111111011111111101111111111110, sa_flags=SA_RESTART|SA_SIGINFO
SIGILL: [libjvm.so+0x919a20], sa_mask[0]=11111111011111111101111111111110, sa_flags=SA_RESTART|SA_SIGINFO
SIGUSR1: SIG_DFL, sa_mask[0]=00000000000000000000000000000000, sa_flags=none
SIGUSR2: [libjvm.so+0x91b050], sa_mask[0]=00000000000000000000000000000000, sa_flags=SA_RESTART|SA_SIGINFO
SIGHUP: [libjvm.so+0x91c450], sa_mask[0]=11111111011111111101111111111110, sa_flags=SA_RESTART|SA_SIGINFO
SIGINT: SIG_DFL, sa_mask[0]=00000000000000000000000000000000, sa_flags=none
SIGTERM: SIG_DFL, sa_mask[0]=00000000000000000000000000000000, sa_flags=none
SIGQUIT: [libjvm.so+0x91c450], sa_mask[0]=11111111011111111101111111111110, sa_flags=SA_RESTART|SA_SIGINFO


---------------  S Y S T E M  ---------------

OS:DISTRIB_ID=Ubuntu
DISTRIB_RELEASE=14.04
DISTRIB_CODENAME=trusty
DISTRIB_DESCRIPTION="Ubuntu 14.04.4 LTS"

uname:Linux 3.19.0-59-generic #65~14.04.1-Ubuntu SMP Tue Apr 19 18:57:09 UTC 2016 x86_64
libc:glibc 2.19 NPTL 2.19 
rlimit: STACK 8192k, CORE 0k, NPROC 15172, NOFILE 4096, AS infinity
load average:0,40 0,50 0,48

/proc/meminfo:
MemTotal:        3928240 kB
MemFree:          268920 kB
MemAvailable:     547060 kB
Buffers:           36236 kB
Cached:           815256 kB
SwapCached:        38780 kB
Active:          2535436 kB
Inactive:         877460 kB
Active(anon):    2265180 kB
Inactive(anon):   737552 kB
Active(file):     270256 kB
Inactive(file):   139908 kB
Unevictable:         368 kB
Mlocked:             368 kB
SwapTotal:       3668988 kB
SwapFree:        2767396 kB
Dirty:               236 kB
Writeback:             0 kB
AnonPages:       2543012 kB
Mapped:           433408 kB
Shmem:            441272 kB
Slab:             113176 kB
SReclaimable:      73804 kB
SUnreclaim:        39372 kB
KernelStack:       13664 kB
PageTables:        65952 kB
NFS_Unstable:          0 kB
Bounce:                0 kB
WritebackTmp:          0 kB
CommitLimit:     5633108 kB
Committed_AS:   12716340 kB
VmallocTotal:   34359738367 kB
VmallocUsed:      355656 kB
VmallocChunk:   34359375320 kB
HardwareCorrupted:     0 kB
AnonHugePages:    575488 kB
CmaTotal:              0 kB
CmaFree:               0 kB
HugePages_Total:       0
HugePages_Free:        0
HugePages_Rsvd:        0
HugePages_Surp:        0
Hugepagesize:       2048 kB
DirectMap4k:      217200 kB
DirectMap2M:     3858432 kB


CPU:total 2 (2 cores per cpu, 1 threads per core) family 6 model 42 stepping 7, cmov, cx8, fxsr, mmx, sse, sse2, sse3, ssse3, sse4.1, sse4.2, popcnt, clmul, tsc, tscinvbit

/proc/cpuinfo:
processor	: 0
vendor_id	: GenuineIntel
cpu family	: 6
model		: 42
model name	: Intel(R) Pentium(R) CPU 987 @ 1.50GHz
stepping	: 7
microcode	: 0x28
cpu MHz		: 1125.410
cache size	: 2048 KB
physical id	: 0
siblings	: 2
core id		: 0
cpu cores	: 2
apicid		: 0
initial apicid	: 0
fpu		: yes
fpu_exception	: yes
cpuid level	: 13
wp		: yes
flags		: fpu vme de pse tsc msr pae mce cx8 apic sep mtrr pge mca cmov pat pse36 clflush dts acpi mmx fxsr sse sse2 ss ht tm pbe syscall nx rdtscp lm constant_tsc arch_perfmon pebs bts rep_good nopl xtopology nonstop_tsc aperfmperf eagerfpu pni pclmulqdq dtes64 monitor ds_cpl est tm2 ssse3 cx16 xtpr pdcm pcid sse4_1 sse4_2 x2apic popcnt tsc_deadline_timer xsave lahf_lm arat epb pln pts dtherm xsaveopt
bugs		:
bogomips	: 2993.33
clflush size	: 64
cache_alignment	: 64
address sizes	: 36 bits physical, 48 bits virtual
power management:

processor	: 1
vendor_id	: GenuineIntel
cpu family	: 6
model		: 42
model name	: Intel(R) Pentium(R) CPU 987 @ 1.50GHz
stepping	: 7
microcode	: 0x28
cpu MHz		: 1193.027
cache size	: 2048 KB
physical id	: 0
siblings	: 2
core id		: 1
cpu cores	: 2
apicid		: 2
initial apicid	: 2
fpu		: yes
fpu_exception	: yes
cpuid level	: 13
wp		: yes
flags		: fpu vme de pse tsc msr pae mce cx8 apic sep mtrr pge mca cmov pat pse36 clflush dts acpi mmx fxsr sse sse2 ss ht tm pbe syscall nx rdtscp lm constant_tsc arch_perfmon pebs bts rep_good nopl xtopology nonstop_tsc aperfmperf eagerfpu pni pclmulqdq dtes64 monitor ds_cpl est tm2 ssse3 cx16 xtpr pdcm pcid sse4_1 sse4_2 x2apic popcnt tsc_deadline_timer xsave lahf_lm arat epb pln pts dtherm xsaveopt
bugs		:
bogomips	: 2993.33
clflush size	: 64
cache_alignment	: 64
address sizes	: 36 bits physical, 48 bits virtual
power management:



Memory: 4k page, physical 3928240k(268920k free), swap 3668988k(2767396k free)

vm_info: Java HotSpot(TM) 64-Bit Server VM (25.91-b14) for linux-amd64 JRE (1.8.0_91-b14), built on Apr  1 2016 00:57:21 by "java_re" with gcc 4.3.0 20080428 (Red Hat 4.3.0-8)

time: Wed May 18 19:38:59 2016
elapsed time: 160 seconds (0d 0h 2m 40s)

